<?xml version="1.0" encoding="UTF-8"?>
<!-- Generated by org.testng.reporters.JUnitXMLReporter -->
<testsuite hostname="Source-4443" name="Test" tests="3" failures="0" timestamp="16 Oct 2019 11:34:26 GMT" time="49.309" errors="0">
  <testcase name="verify_login_functionality" time="2.894" classname="sourcesoft.proassur.HomePageTest"/>
  <testcase name="verify_login_functionality" time="3.071" classname="sourcesoft.proassur.HomePageTest"/>
  <testcase name="verify_login_functionality" time="4.288" classname="sourcesoft.proassur.HomePageTest"/>
</testsuite> <!-- Test -->
