<?xml version="1.0" encoding="UTF-8"?>
<!-- Generated by org.testng.reporters.JUnitXMLReporter -->
<testsuite hostname="KELLGGNCPU0126" name="Test" tests="3" failures="1" timestamp="18 Dec 2019 10:03:34 GMT" time="26.793" errors="0">
  <testcase name="@AfterMethod postCondition" time="0.0" classname="sourcesoft.proassur.HomePageTest">
    <failure type="java.lang.NullPointerException">
      <![CDATA[java.lang.NullPointerException
	at sourcesoft.proassur.BaseLib.postCondition(BaseLib.java:114)
... Removed 26 stack frames]]>
    </failure>
  </testcase> <!-- @AfterMethod postCondition -->
  <testcase name="@BeforeMethod preCondition" time="0.0" classname="sourcesoft.proassur.HomePageTest">
    <skipped/>
  </testcase> <!-- @BeforeMethod preCondition -->
  <testcase name="@AfterMethod postCondition" time="0.0" classname="sourcesoft.proassur.HomePageTest">
    <skipped/>
  </testcase> <!-- @AfterMethod postCondition -->
  <testcase name="@BeforeMethod preCondition" time="0.0" classname="sourcesoft.proassur.HomePageTest">
    <skipped/>
  </testcase> <!-- @BeforeMethod preCondition -->
  <testcase name="@AfterMethod postCondition" time="0.0" classname="sourcesoft.proassur.HomePageTest">
    <skipped/>
  </testcase> <!-- @AfterMethod postCondition -->
  <testcase name="verify_login_functionality" time="0.007" classname="sourcesoft.proassur.HomePageTest">
    <failure type="java.lang.NullPointerException">
      <![CDATA[java.lang.NullPointerException
	at sourcesoft.proassur.HomePageTest.verify_login_functionality(HomePageTest.java:16)
... Removed 24 stack frames]]>
    </failure>
  </testcase> <!-- verify_login_functionality -->
  <testcase name="verify_login_functionality" time="0.0" classname="sourcesoft.proassur.HomePageTest">
    <skipped/>
  </testcase> <!-- verify_login_functionality -->
  <testcase name="verify_login_functionality" time="0.001" classname="sourcesoft.proassur.HomePageTest">
    <skipped/>
  </testcase> <!-- verify_login_functionality -->
</testsuite> <!-- Test -->
