<?xml version="1.0" encoding="UTF-8"?>
<!-- Generated by org.testng.reporters.JUnitXMLReporter -->
<testsuite hostname="KELLGGNCPU0126" name="Test(failed)" tests="3" failures="0" timestamp="18 Dec 2019 10:04:48 GMT" time="73.139" errors="0">
  <testcase name="verify_login_functionality" time="3.889" classname="sourcesoft.proassur.HomePageTest"/>
  <testcase name="verify_login_functionality" time="3.654" classname="sourcesoft.proassur.HomePageTest"/>
  <testcase name="verify_login_functionality" time="5.272" classname="sourcesoft.proassur.HomePageTest"/>
</testsuite> <!-- Test(failed) -->
