<?xml version="1.0" encoding="UTF-8"?>
<testng-results skipped="0" failed="0" total="1" passed="1">
  <reporter-output>
    <line>
      <![CDATA[setting up Reports and Test started]]>
    </line>
    <line>
      <![CDATA[Setting Done--Test Cases]]>
    </line>
    <line>
      <![CDATA[The Test is about to end]]>
    </line>
  </reporter-output>
  <suite name="Suite" duration-ms="29795" started-at="2019-12-27T08:51:26Z" finished-at="2019-12-27T08:51:55Z">
    <groups>
    </groups>
    <test name="Test" duration-ms="29795" started-at="2019-12-27T08:51:26Z" finished-at="2019-12-27T08:51:55Z">
      <class name="sourcesoft.proassur.HomePageTest">
        <test-method status="PASS" signature="setSuiteUp()[pri:0, instance:sourcesoft.proassur.HomePageTest@3b6eb2ec]" name="setSuiteUp" is-config="true" duration-ms="264" started-at="2019-12-27T14:21:25Z" finished-at="2019-12-27T14:21:26Z">
          <reporter-output>
            <line>
              <![CDATA[setting up Reports and Test started]]>
            </line>
            <line>
              <![CDATA[Setting Done--Test Cases]]>
            </line>
          </reporter-output>
        </test-method> <!-- setSuiteUp -->
        <test-method status="PASS" signature="preCondition(java.lang.String)[pri:0, instance:sourcesoft.proassur.HomePageTest@3b6eb2ec]" name="preCondition" is-config="true" duration-ms="16389" started-at="2019-12-27T14:21:26Z" finished-at="2019-12-27T14:21:42Z">
          <params>
            <param index="0">
              <value>
                <![CDATA[Chrome]]>
              </value>
            </param>
          </params>
          <reporter-output>
          </reporter-output>
        </test-method> <!-- preCondition -->
        <test-method status="PASS" signature="window_handle()[pri:0, instance:sourcesoft.proassur.HomePageTest@3b6eb2ec]" name="window_handle" duration-ms="12745" started-at="2019-12-27T14:21:42Z" finished-at="2019-12-27T14:21:55Z">
          <reporter-output>
          </reporter-output>
        </test-method> <!-- window_handle -->
        <test-method status="PASS" signature="postCondition(org.testng.ITestResult)[pri:0, instance:sourcesoft.proassur.HomePageTest@3b6eb2ec]" name="postCondition" is-config="true" duration-ms="647" started-at="2019-12-27T14:21:55Z" finished-at="2019-12-27T14:21:55Z">
          <params>
            <param index="0">
              <value>
                <![CDATA[[TestResult name=window_handle status=SUCCESS method=HomePageTest.window_handle()[pri:0, instance:sourcesoft.proassur.HomePageTest@3b6eb2ec] output={null}]]]>
              </value>
            </param>
          </params>
          <reporter-output>
            <line>
              <![CDATA[The Test is about to end]]>
            </line>
          </reporter-output>
        </test-method> <!-- postCondition -->
      </class> <!-- sourcesoft.proassur.HomePageTest -->
    </test> <!-- Test -->
  </suite> <!-- Suite -->
</testng-results>
