<?xml version="1.0" encoding="UTF-8"?>
<testng-results skipped="0" failed="0" total="2" passed="2">
  <reporter-output>
  </reporter-output>
  <suite name="Suite" duration-ms="30591" started-at="2019-10-16T10:28:40Z" finished-at="2019-10-16T10:29:11Z">
    <groups>
    </groups>
    <test name="Test" duration-ms="30591" started-at="2019-10-16T10:28:40Z" finished-at="2019-10-16T10:29:11Z">
      <class name="sourcesoft.proassur.HomePageTest">
        <test-method status="PASS" signature="startTest()[pri:0, instance:sourcesoft.proassur.HomePageTest@2c8d66b2]" name="startTest" is-config="true" duration-ms="140" started-at="2019-10-16T15:58:40Z" finished-at="2019-10-16T15:58:40Z">
          <reporter-output>
          </reporter-output>
        </test-method> <!-- startTest -->
        <test-method status="PASS" signature="preCondition(java.lang.String)[pri:0, instance:sourcesoft.proassur.HomePageTest@2c8d66b2]" name="preCondition" is-config="true" duration-ms="11041" started-at="2019-10-16T15:58:41Z" finished-at="2019-10-16T15:58:52Z">
          <params>
            <param index="0">
              <value>
                <![CDATA[chrome]]>
              </value>
            </param>
          </params>
          <reporter-output>
          </reporter-output>
        </test-method> <!-- preCondition -->
        <test-method status="PASS" signature="verify_login_functionality(java.lang.String, java.lang.String)[pri:0, instance:sourcesoft.proassur.HomePageTest@2c8d66b2]" name="verify_login_functionality" duration-ms="3384" started-at="2019-10-16T15:58:52Z" data-provider="getCRMTestData" finished-at="2019-10-16T15:58:55Z">
          <params>
            <param index="0">
              <value>
                <![CDATA[anand123@gmail.com]]>
              </value>
            </param>
            <param index="1">
              <value>
                <![CDATA[123456.0]]>
              </value>
            </param>
          </params>
          <reporter-output>
          </reporter-output>
        </test-method> <!-- verify_login_functionality -->
        <test-method status="PASS" signature="postCondition(org.testng.ITestResult)[pri:0, instance:sourcesoft.proassur.HomePageTest@2c8d66b2]" name="postCondition" is-config="true" duration-ms="1" started-at="2019-10-16T15:58:55Z" finished-at="2019-10-16T15:58:55Z">
          <params>
            <param index="0">
              <value>
                <![CDATA[[TestResult name=verify_login_functionality status=SUCCESS method=HomePageTest.verify_login_functionality(java.lang.String, java.lang.String)[pri:0, instance:sourcesoft.proassur.HomePageTest@2c8d66b2] output={null}]]]>
              </value>
            </param>
          </params>
          <reporter-output>
          </reporter-output>
        </test-method> <!-- postCondition -->
        <test-method status="PASS" signature="preCondition(java.lang.String)[pri:0, instance:sourcesoft.proassur.HomePageTest@2c8d66b2]" name="preCondition" is-config="true" duration-ms="11873" started-at="2019-10-16T15:58:55Z" finished-at="2019-10-16T15:59:07Z">
          <params>
            <param index="0">
              <value>
                <![CDATA[chrome]]>
              </value>
            </param>
          </params>
          <reporter-output>
          </reporter-output>
        </test-method> <!-- preCondition -->
        <test-method status="PASS" signature="verify_login_functionality(java.lang.String, java.lang.String)[pri:0, instance:sourcesoft.proassur.HomePageTest@2c8d66b2]" name="verify_login_functionality" duration-ms="3160" started-at="2019-10-16T15:59:07Z" data-provider="getCRMTestData" finished-at="2019-10-16T15:59:10Z">
          <params>
            <param index="0">
              <value>
                <![CDATA[anand1234@gmail.com]]>
              </value>
            </param>
            <param index="1">
              <value>
                <![CDATA[123456.0]]>
              </value>
            </param>
          </params>
          <reporter-output>
          </reporter-output>
        </test-method> <!-- verify_login_functionality -->
        <test-method status="PASS" signature="postCondition(org.testng.ITestResult)[pri:0, instance:sourcesoft.proassur.HomePageTest@2c8d66b2]" name="postCondition" is-config="true" duration-ms="1" started-at="2019-10-16T15:59:10Z" finished-at="2019-10-16T15:59:10Z">
          <params>
            <param index="0">
              <value>
                <![CDATA[[TestResult name=verify_login_functionality status=SUCCESS method=HomePageTest.verify_login_functionality(java.lang.String, java.lang.String)[pri:0, instance:sourcesoft.proassur.HomePageTest@2c8d66b2] output={null}]]]>
              </value>
            </param>
          </params>
          <reporter-output>
          </reporter-output>
        </test-method> <!-- postCondition -->
        <test-method status="PASS" signature="endReport()[pri:0, instance:sourcesoft.proassur.HomePageTest@2c8d66b2]" name="endReport" is-config="true" duration-ms="553" started-at="2019-10-16T15:59:10Z" finished-at="2019-10-16T15:59:11Z">
          <reporter-output>
          </reporter-output>
        </test-method> <!-- endReport -->
      </class> <!-- sourcesoft.proassur.HomePageTest -->
    </test> <!-- Test -->
  </suite> <!-- Suite -->
</testng-results>
